This file contains any messages produced by compilers while
running configure, to aid debugging if configure makes a mistake.

It was created by configure, which was
generated by GNU Autoconf 2.59.  Invocation command line was

  $ ./configure 

## --------- ##
## Platform. ##
## --------- ##

hostname = lumiere
uname -m = i686
uname -r = 2.6.27-11-generic
uname -s = Linux
uname -v = #1 SMP Thu Jan 29 19:24:39 UTC 2009

/usr/bin/uname -p = unknown
/bin/uname -X     = unknown

/bin/arch              = unknown
/usr/bin/arch -k       = unknown
/usr/convex/getsysinfo = unknown
hostinfo               = unknown
/bin/machine           = unknown
/usr/bin/oslevel       = unknown
/bin/universe          = unknown

PATH: /usr/local/sbin
PATH: /usr/local/bin
PATH: /usr/sbin
PATH: /usr/bin
PATH: /sbin
PATH: /bin
PATH: /usr/games


## ----------- ##
## Core tests. ##
## ----------- ##

configure:1541: checking for a BSD-compatible install
configure:1596: result: /usr/bin/install -c
configure:1607: checking whether build environment is sane
configure:1650: result: yes
configure:1707: checking for gawk
configure:1723: found /usr/bin/gawk
configure:1733: result: gawk
configure:1743: checking whether make sets $(MAKE)
configure:1763: result: yes
configure:1928: checking whether to enable maintainer-specific portions of Makefiles
configure:1937: result: no
configure:1959: checking build system type
configure:1977: result: i686-pc-linux-gnu
configure:1985: checking host system type
configure:1999: result: i686-pc-linux-gnu
configure:2047: checking for gawk
configure:2073: result: gawk
configure:2129: checking for gcc
configure:2145: found /usr/bin/gcc
configure:2155: result: gcc
configure:2399: checking for C compiler version
configure:2402: gcc --version </dev/null >&5
gcc (Ubuntu 4.3.2-1ubuntu12) 4.3.2
Copyright (C) 2008 Free Software Foundation, Inc.
This is free software; see the source for copying conditions.  There is NO
warranty; not even for MERCHANTABILITY or FITNESS FOR A PARTICULAR PURPOSE.

configure:2405: $? = 0
configure:2407: gcc -v </dev/null >&5
Using built-in specs.
Target: i486-linux-gnu
Configured with: ../src/configure -v --with-pkgversion='Ubuntu 4.3.2-1ubuntu12' --with-bugurl=file:///usr/share/doc/gcc-4.3/README.Bugs --enable-languages=c,c++,fortran,objc,obj-c++ --prefix=/usr --enable-shared --with-system-zlib --libexecdir=/usr/lib --without-included-gettext --enable-threads=posix --enable-nls --with-gxx-include-dir=/usr/include/c++/4.3 --program-suffix=-4.3 --enable-clocale=gnu --enable-libstdcxx-debug --enable-objc-gc --enable-mpfr --enable-targets=all --enable-checking=release --build=i486-linux-gnu --host=i486-linux-gnu --target=i486-linux-gnu
Thread model: posix
gcc version 4.3.2 (Ubuntu 4.3.2-1ubuntu12) 
configure:2410: $? = 0
configure:2412: gcc -V </dev/null >&5
gcc: '-V' option must have argument
configure:2415: $? = 1
configure:2438: checking for C compiler default output file name
configure:2441: gcc    conftest.c  >&5
configure:2444: $? = 0
configure:2490: result: a.out
configure:2495: checking whether the C compiler works
configure:2501: ./a.out
configure:2504: $? = 0
configure:2521: result: yes
configure:2528: checking whether we are cross compiling
configure:2530: result: no
configure:2533: checking for suffix of executables
configure:2535: gcc -o conftest    conftest.c  >&5
configure:2538: $? = 0
configure:2563: result: 
configure:2569: checking for suffix of object files
configure:2590: gcc -c   conftest.c >&5
configure:2593: $? = 0
configure:2615: result: o
configure:2619: checking whether we are using the GNU C compiler
configure:2643: gcc -c   conftest.c >&5
configure:2649: $? = 0
configure:2652: test -z 			 || test ! -s conftest.err
configure:2655: $? = 0
configure:2658: test -s conftest.o
configure:2661: $? = 0
configure:2674: result: yes
configure:2680: checking whether gcc accepts -g
configure:2701: gcc -c -g  conftest.c >&5
configure:2707: $? = 0
configure:2710: test -z 			 || test ! -s conftest.err
configure:2713: $? = 0
configure:2716: test -s conftest.o
configure:2719: $? = 0
configure:2730: result: yes
configure:2747: checking for gcc option to accept ANSI C
configure:2817: gcc  -c -g -O2  conftest.c >&5
configure:2823: $? = 0
configure:2826: test -z 			 || test ! -s conftest.err
configure:2829: $? = 0
configure:2832: test -s conftest.o
configure:2835: $? = 0
configure:2853: result: none needed
configure:2871: gcc -c -g -O2  conftest.c >&5
conftest.c:2: error: expected '=', ',', ';', 'asm' or '__attribute__' before 'me'
configure:2877: $? = 1
configure: failed program was:
| #ifndef __cplusplus
|   choke me
| #endif
configure:3018: checking for style of include used by make
configure:3046: result: GNU
configure:3074: checking dependency style of gcc
configure:3164: result: gcc3
configure:3265: checking for a sed that does not truncate output
configure:3319: result: /bin/sed
configure:3322: checking for egrep
configure:3332: result: grep -E
configure:3348: checking for ld used by gcc
configure:3415: result: /usr/bin/ld
configure:3424: checking if the linker (/usr/bin/ld) is GNU ld
configure:3439: result: yes
configure:3444: checking for /usr/bin/ld option to reload object files
configure:3451: result: -r
configure:3460: checking for BSD-compatible nm
configure:3502: result: /usr/bin/nm -B
configure:3506: checking whether ln -s works
configure:3510: result: yes
configure:3517: checking how to recognise dependent libraries
configure:3691: result: pass_all
configure:3904: checking how to run the C preprocessor
configure:3939: gcc -E  conftest.c
configure:3945: $? = 0
configure:3977: gcc -E  conftest.c
conftest.c:11:28: error: ac_nonexistent.h: No such file or directory
configure:3983: $? = 1
configure: failed program was:
| /* confdefs.h.  */
| 
| #define PACKAGE_NAME ""
| #define PACKAGE_TARNAME ""
| #define PACKAGE_VERSION ""
| #define PACKAGE_STRING ""
| #define PACKAGE_BUGREPORT ""
| #define PACKAGE "libofa"
| #define VERSION "0.9.3"
| /* end confdefs.h.  */
| #include <ac_nonexistent.h>
configure:4022: result: gcc -E
configure:4046: gcc -E  conftest.c
configure:4052: $? = 0
configure:4084: gcc -E  conftest.c
conftest.c:11:28: error: ac_nonexistent.h: No such file or directory
configure:4090: $? = 1
configure: failed program was:
| /* confdefs.h.  */
| 
| #define PACKAGE_NAME ""
| #define PACKAGE_TARNAME ""
| #define PACKAGE_VERSION ""
| #define PACKAGE_STRING ""
| #define PACKAGE_BUGREPORT ""
| #define PACKAGE "libofa"
| #define VERSION "0.9.3"
| /* end confdefs.h.  */
| #include <ac_nonexistent.h>
configure:4134: checking for ANSI C header files
configure:4159: gcc -c -g -O2  conftest.c >&5
configure:4165: $? = 0
configure:4168: test -z 			 || test ! -s conftest.err
configure:4171: $? = 0
configure:4174: test -s conftest.o
configure:4177: $? = 0
configure:4266: gcc -o conftest -g -O2   conftest.c  >&5
conftest.c: In function 'main':
conftest.c:28: warning: incompatible implicit declaration of built-in function 'exit'
configure:4269: $? = 0
configure:4271: ./conftest
configure:4274: $? = 0
configure:4289: result: yes
configure:4313: checking for sys/types.h
configure:4329: gcc -c -g -O2  conftest.c >&5
configure:4335: $? = 0
configure:4338: test -z 			 || test ! -s conftest.err
configure:4341: $? = 0
configure:4344: test -s conftest.o
configure:4347: $? = 0
configure:4358: result: yes
configure:4313: checking for sys/stat.h
configure:4329: gcc -c -g -O2  conftest.c >&5
configure:4335: $? = 0
configure:4338: test -z 			 || test ! -s conftest.err
configure:4341: $? = 0
configure:4344: test -s conftest.o
configure:4347: $? = 0
configure:4358: result: yes
configure:4313: checking for stdlib.h
configure:4329: gcc -c -g -O2  conftest.c >&5
configure:4335: $? = 0
configure:4338: test -z 			 || test ! -s conftest.err
configure:4341: $? = 0
configure:4344: test -s conftest.o
configure:4347: $? = 0
configure:4358: result: yes
configure:4313: checking for string.h
configure:4329: gcc -c -g -O2  conftest.c >&5
configure:4335: $? = 0
configure:4338: test -z 			 || test ! -s conftest.err
configure:4341: $? = 0
configure:4344: test -s conftest.o
configure:4347: $? = 0
configure:4358: result: yes
configure:4313: checking for memory.h
configure:4329: gcc -c -g -O2  conftest.c >&5
configure:4335: $? = 0
configure:4338: test -z 			 || test ! -s conftest.err
configure:4341: $? = 0
configure:4344: test -s conftest.o
configure:4347: $? = 0
configure:4358: result: yes
configure:4313: checking for strings.h
configure:4329: gcc -c -g -O2  conftest.c >&5
configure:4335: $? = 0
configure:4338: test -z 			 || test ! -s conftest.err
configure:4341: $? = 0
configure:4344: test -s conftest.o
configure:4347: $? = 0
configure:4358: result: yes
configure:4313: checking for inttypes.h
configure:4329: gcc -c -g -O2  conftest.c >&5
configure:4335: $? = 0
configure:4338: test -z 			 || test ! -s conftest.err
configure:4341: $? = 0
configure:4344: test -s conftest.o
configure:4347: $? = 0
configure:4358: result: yes
configure:4313: checking for stdint.h
configure:4329: gcc -c -g -O2  conftest.c >&5
configure:4335: $? = 0
configure:4338: test -z 			 || test ! -s conftest.err
configure:4341: $? = 0
configure:4344: test -s conftest.o
configure:4347: $? = 0
configure:4358: result: yes
configure:4313: checking for unistd.h
configure:4329: gcc -c -g -O2  conftest.c >&5
configure:4335: $? = 0
configure:4338: test -z 			 || test ! -s conftest.err
configure:4341: $? = 0
configure:4344: test -s conftest.o
configure:4347: $? = 0
configure:4358: result: yes
configure:4384: checking dlfcn.h usability
configure:4396: gcc -c -g -O2  conftest.c >&5
configure:4402: $? = 0
configure:4405: test -z 			 || test ! -s conftest.err
configure:4408: $? = 0
configure:4411: test -s conftest.o
configure:4414: $? = 0
configure:4424: result: yes
configure:4428: checking dlfcn.h presence
configure:4438: gcc -E  conftest.c
configure:4444: $? = 0
configure:4464: result: yes
configure:4499: checking for dlfcn.h
configure:4506: result: yes
configure:4571: checking for g++
configure:4587: found /usr/bin/g++
configure:4597: result: g++
configure:4613: checking for C++ compiler version
configure:4616: g++ --version </dev/null >&5
g++ (Ubuntu 4.3.2-1ubuntu12) 4.3.2
Copyright (C) 2008 Free Software Foundation, Inc.
This is free software; see the source for copying conditions.  There is NO
warranty; not even for MERCHANTABILITY or FITNESS FOR A PARTICULAR PURPOSE.

configure:4619: $? = 0
configure:4621: g++ -v </dev/null >&5
Using built-in specs.
Target: i486-linux-gnu
Configured with: ../src/configure -v --with-pkgversion='Ubuntu 4.3.2-1ubuntu12' --with-bugurl=file:///usr/share/doc/gcc-4.3/README.Bugs --enable-languages=c,c++,fortran,objc,obj-c++ --prefix=/usr --enable-shared --with-system-zlib --libexecdir=/usr/lib --without-included-gettext --enable-threads=posix --enable-nls --with-gxx-include-dir=/usr/include/c++/4.3 --program-suffix=-4.3 --enable-clocale=gnu --enable-libstdcxx-debug --enable-objc-gc --enable-mpfr --enable-targets=all --enable-checking=release --build=i486-linux-gnu --host=i486-linux-gnu --target=i486-linux-gnu
Thread model: posix
gcc version 4.3.2 (Ubuntu 4.3.2-1ubuntu12) 
configure:4624: $? = 0
configure:4626: g++ -V </dev/null >&5
g++: '-V' option must have argument
configure:4629: $? = 1
configure:4632: checking whether we are using the GNU C++ compiler
configure:4656: g++ -c   conftest.cc >&5
configure:4662: $? = 0
configure:4665: test -z 			 || test ! -s conftest.err
configure:4668: $? = 0
configure:4671: test -s conftest.o
configure:4674: $? = 0
configure:4687: result: yes
configure:4693: checking whether g++ accepts -g
configure:4714: g++ -c -g  conftest.cc >&5
configure:4720: $? = 0
configure:4723: test -z 			 || test ! -s conftest.err
configure:4726: $? = 0
configure:4729: test -s conftest.o
configure:4732: $? = 0
configure:4743: result: yes
configure:4785: g++ -c -g -O2  conftest.cc >&5
configure:4791: $? = 0
configure:4794: test -z 			 || test ! -s conftest.err
configure:4797: $? = 0
configure:4800: test -s conftest.o
configure:4803: $? = 0
configure:4829: g++ -c -g -O2  conftest.cc >&5
conftest.cc: In function 'int main()':
conftest.cc:26: error: 'exit' was not declared in this scope
configure:4835: $? = 1
configure: failed program was:
| /* confdefs.h.  */
| 
| #define PACKAGE_NAME ""
| #define PACKAGE_TARNAME ""
| #define PACKAGE_VERSION ""
| #define PACKAGE_STRING ""
| #define PACKAGE_BUGREPORT ""
| #define PACKAGE "libofa"
| #define VERSION "0.9.3"
| #define STDC_HEADERS 1
| #define HAVE_SYS_TYPES_H 1
| #define HAVE_SYS_STAT_H 1
| #define HAVE_STDLIB_H 1
| #define HAVE_STRING_H 1
| #define HAVE_MEMORY_H 1
| #define HAVE_STRINGS_H 1
| #define HAVE_INTTYPES_H 1
| #define HAVE_STDINT_H 1
| #define HAVE_UNISTD_H 1
| #define HAVE_DLFCN_H 1
| /* end confdefs.h.  */
| 
| int
| main ()
| {
| exit (42);
|   ;
|   return 0;
| }
configure:4785: g++ -c -g -O2  conftest.cc >&5
conftest.cc:22: error: 'void std::exit(int)' should have been declared inside 'std'
configure:4791: $? = 1
configure: failed program was:
| /* confdefs.h.  */
| 
| #define PACKAGE_NAME ""
| #define PACKAGE_TARNAME ""
| #define PACKAGE_VERSION ""
| #define PACKAGE_STRING ""
| #define PACKAGE_BUGREPORT ""
| #define PACKAGE "libofa"
| #define VERSION "0.9.3"
| #define STDC_HEADERS 1
| #define HAVE_SYS_TYPES_H 1
| #define HAVE_SYS_STAT_H 1
| #define HAVE_STDLIB_H 1
| #define HAVE_STRING_H 1
| #define HAVE_MEMORY_H 1
| #define HAVE_STRINGS_H 1
| #define HAVE_INTTYPES_H 1
| #define HAVE_STDINT_H 1
| #define HAVE_UNISTD_H 1
| #define HAVE_DLFCN_H 1
| /* end confdefs.h.  */
| extern "C" void std::exit (int) throw (); using std::exit;
| #include <stdlib.h>
| int
| main ()
| {
| exit (42);
|   ;
|   return 0;
| }
configure:4785: g++ -c -g -O2  conftest.cc >&5
conftest.cc:22: error: 'void std::exit(int)' should have been declared inside 'std'
In file included from conftest.cc:23:
/usr/include/stdlib.h:531: error: declaration of 'void std::exit(int) throw ()' throws different exceptions
conftest.cc:22: error: from previous declaration 'void std::exit(int)'
configure:4791: $? = 1
configure: failed program was:
| /* confdefs.h.  */
| 
| #define PACKAGE_NAME ""
| #define PACKAGE_TARNAME ""
| #define PACKAGE_VERSION ""
| #define PACKAGE_STRING ""
| #define PACKAGE_BUGREPORT ""
| #define PACKAGE "libofa"
| #define VERSION "0.9.3"
| #define STDC_HEADERS 1
| #define HAVE_SYS_TYPES_H 1
| #define HAVE_SYS_STAT_H 1
| #define HAVE_STDLIB_H 1
| #define HAVE_STRING_H 1
| #define HAVE_MEMORY_H 1
| #define HAVE_STRINGS_H 1
| #define HAVE_INTTYPES_H 1
| #define HAVE_STDINT_H 1
| #define HAVE_UNISTD_H 1
| #define HAVE_DLFCN_H 1
| /* end confdefs.h.  */
| extern "C" void std::exit (int); using std::exit;
| #include <stdlib.h>
| int
| main ()
| {
| exit (42);
|   ;
|   return 0;
| }
configure:4785: g++ -c -g -O2  conftest.cc >&5
configure:4791: $? = 0
configure:4794: test -z 			 || test ! -s conftest.err
configure:4797: $? = 0
configure:4800: test -s conftest.o
configure:4803: $? = 0
configure:4829: g++ -c -g -O2  conftest.cc >&5
configure:4835: $? = 0
configure:4838: test -z 			 || test ! -s conftest.err
configure:4841: $? = 0
configure:4844: test -s conftest.o
configure:4847: $? = 0
configure:4872: checking dependency style of g++
configure:4962: result: gcc3
configure:4984: checking how to run the C++ preprocessor
configure:5015: g++ -E  conftest.cc
configure:5021: $? = 0
configure:5053: g++ -E  conftest.cc
conftest.cc:25:28: error: ac_nonexistent.h: No such file or directory
configure:5059: $? = 1
configure: failed program was:
| /* confdefs.h.  */
| 
| #define PACKAGE_NAME ""
| #define PACKAGE_TARNAME ""
| #define PACKAGE_VERSION ""
| #define PACKAGE_STRING ""
| #define PACKAGE_BUGREPORT ""
| #define PACKAGE "libofa"
| #define VERSION "0.9.3"
| #define STDC_HEADERS 1
| #define HAVE_SYS_TYPES_H 1
| #define HAVE_SYS_STAT_H 1
| #define HAVE_STDLIB_H 1
| #define HAVE_STRING_H 1
| #define HAVE_MEMORY_H 1
| #define HAVE_STRINGS_H 1
| #define HAVE_INTTYPES_H 1
| #define HAVE_STDINT_H 1
| #define HAVE_UNISTD_H 1
| #define HAVE_DLFCN_H 1
| #ifdef __cplusplus
| extern "C" void exit (int) throw ();
| #endif
| /* end confdefs.h.  */
| #include <ac_nonexistent.h>
configure:5098: result: g++ -E
configure:5122: g++ -E  conftest.cc
configure:5128: $? = 0
configure:5160: g++ -E  conftest.cc
conftest.cc:25:28: error: ac_nonexistent.h: No such file or directory
configure:5166: $? = 1
configure: failed program was:
| /* confdefs.h.  */
| 
| #define PACKAGE_NAME ""
| #define PACKAGE_TARNAME ""
| #define PACKAGE_VERSION ""
| #define PACKAGE_STRING ""
| #define PACKAGE_BUGREPORT ""
| #define PACKAGE "libofa"
| #define VERSION "0.9.3"
| #define STDC_HEADERS 1
| #define HAVE_SYS_TYPES_H 1
| #define HAVE_SYS_STAT_H 1
| #define HAVE_STDLIB_H 1
| #define HAVE_STRING_H 1
| #define HAVE_MEMORY_H 1
| #define HAVE_STRINGS_H 1
| #define HAVE_INTTYPES_H 1
| #define HAVE_STDINT_H 1
| #define HAVE_UNISTD_H 1
| #define HAVE_DLFCN_H 1
| #ifdef __cplusplus
| extern "C" void exit (int) throw ();
| #endif
| /* end confdefs.h.  */
| #include <ac_nonexistent.h>
configure:5261: checking for g77
configure:5290: result: no
configure:5261: checking for f77
configure:5290: result: no
configure:5261: checking for xlf
configure:5290: result: no
configure:5261: checking for frt
configure:5290: result: no
configure:5261: checking for pgf77
configure:5290: result: no
configure:5261: checking for fort77
configure:5290: result: no
configure:5261: checking for fl32
configure:5290: result: no
configure:5261: checking for af77
configure:5290: result: no
configure:5261: checking for f90
configure:5290: result: no
configure:5261: checking for xlf90
configure:5290: result: no
configure:5261: checking for pgf90
configure:5290: result: no
configure:5261: checking for epcf90
configure:5290: result: no
configure:5261: checking for f95
configure:5290: result: no
configure:5261: checking for fort
configure:5290: result: no
configure:5261: checking for xlf95
configure:5290: result: no
configure:5261: checking for ifc
configure:5290: result: no
configure:5261: checking for efc
configure:5290: result: no
configure:5261: checking for pgf95
configure:5290: result: no
configure:5261: checking for lf95
configure:5290: result: no
configure:5261: checking for gfortran
configure:5290: result: no
configure:5302: checking for Fortran 77 compiler version
configure:5305:  --version </dev/null >&5
./configure: line 5306: --version: command not found
configure:5308: $? = 127
configure:5310:  -v </dev/null >&5
./configure: line 5311: -v: command not found
configure:5313: $? = 127
configure:5315:  -V </dev/null >&5
./configure: line 5316: -V: command not found
configure:5318: $? = 127
configure:5326: checking whether we are using the GNU Fortran 77 compiler
configure:5340:  -c  conftest.F >&5
./configure: line 5341: -c: command not found
configure:5346: $? = 127
configure: failed program was:
|       program main
| #ifndef __GNUC__
|        choke me
| #endif
| 
|       end
configure:5371: result: no
configure:5377: checking whether  accepts -g
configure:5389:  -c -g conftest.f >&5
./configure: line 5390: -c: command not found
configure:5395: $? = 127
configure: failed program was:
|       program main
| 
|       end
configure:5419: result: no
configure:5449: checking the maximum length of command line arguments
configure:5514: result: 32768
configure:5525: checking command to parse /usr/bin/nm -B output from gcc object
configure:5614: gcc -c -g -O2  conftest.c >&5
configure:5617: $? = 0
configure:5621: /usr/bin/nm -B conftest.o \| sed -n -e 's/^.*[ 	]\([ABCDGIRSTW][ABCDGIRSTW]*\)[ 	][ 	]*\(\)\([_A-Za-z][_A-Za-z0-9]*\)$/\1 \2\3 \3/p' \> conftest.nm
configure:5624: $? = 0
configure:5676: gcc -o conftest -g -O2   conftest.c conftstm.o >&5
configure:5679: $? = 0
configure:5717: result: ok
configure:5721: checking for objdir
configure:5736: result: .libs
configure:5826: checking for ar
configure:5842: found /usr/bin/ar
configure:5853: result: ar
configure:5906: checking for ranlib
configure:5922: found /usr/bin/ranlib
configure:5933: result: ranlib
configure:5986: checking for strip
configure:6002: found /usr/bin/strip
configure:6013: result: strip
configure:6275: checking if gcc static flag  works
configure:6298: result: yes
configure:6316: checking if gcc supports -fno-rtti -fno-exceptions
configure:6334: gcc -c -g -O2  -fno-rtti -fno-exceptions conftest.c >&5
cc1: warning: command line option "-fno-rtti" is valid for C++/ObjC++ but not for C
configure:6338: $? = 0
configure:6349: result: no
configure:6364: checking for gcc option to produce PIC
configure:6541: result: -fPIC
configure:6549: checking if gcc PIC flag -fPIC works
configure:6567: gcc -c -g -O2  -fPIC -DPIC conftest.c >&5
configure:6571: $? = 0
configure:6582: result: yes
configure:6606: checking if gcc supports -c -o file.o
configure:6627: gcc -c -g -O2  -o out/conftest2.o conftest.c >&5
configure:6631: $? = 0
configure:6651: result: yes
configure:6677: checking whether the gcc linker (/usr/bin/ld) supports shared libraries
configure:7524: result: yes
configure:7550: checking whether -lc should be explicitly linked in
configure:7555: gcc -c -g -O2  conftest.c >&5
configure:7558: $? = 0
configure:7572: gcc -shared conftest.o  -v -Wl,-soname -Wl,conftest -o conftest 2\>\&1 \| grep  -lc  \>/dev/null 2\>\&1
configure:7575: $? = 0
configure:7587: result: no
configure:7595: checking dynamic linker characteristics
configure:8147: result: GNU/Linux ld.so
configure:8151: checking how to hardcode library paths into programs
configure:8176: result: immediate
configure:8190: checking whether stripping libraries is possible
configure:8195: result: yes
configure:9018: checking if libtool supports shared libraries
configure:9020: result: yes
configure:9023: checking whether to build shared libraries
configure:9081: result: yes
configure:9084: checking whether to build static libraries
configure:9088: result: yes
configure:9180: creating libtool
configure:9727: checking for ld used by g++
configure:9794: result: /usr/bin/ld
configure:9803: checking if the linker (/usr/bin/ld) is GNU ld
configure:9818: result: yes
configure:9869: checking whether the g++ linker (/usr/bin/ld) supports shared libraries
configure:10695: result: yes
configure:10713: g++ -c -g -O2  conftest.cc >&5
configure:10716: $? = 0
configure:10812: checking for g++ option to produce PIC
configure:11064: result: -fPIC
configure:11072: checking if g++ PIC flag -fPIC works
configure:11090: g++ -c -g -O2  -fPIC -DPIC conftest.cc >&5
configure:11094: $? = 0
configure:11105: result: yes
configure:11129: checking if g++ supports -c -o file.o
configure:11150: g++ -c -g -O2  -o out/conftest2.o conftest.cc >&5
configure:11154: $? = 0
configure:11174: result: yes
configure:11200: checking whether the g++ linker (/usr/bin/ld) supports shared libraries
configure:11228: result: yes
configure:11299: checking dynamic linker characteristics
configure:11851: result: GNU/Linux ld.so
configure:11855: checking how to hardcode library paths into programs
configure:11880: result: immediate
configure:11894: checking whether stripping libraries is possible
configure:11899: result: yes
configure:19237: checking for C++ compiler version
configure:19240: g++ --version </dev/null >&5
g++ (Ubuntu 4.3.2-1ubuntu12) 4.3.2
Copyright (C) 2008 Free Software Foundation, Inc.
This is free software; see the source for copying conditions.  There is NO
warranty; not even for MERCHANTABILITY or FITNESS FOR A PARTICULAR PURPOSE.

configure:19243: $? = 0
configure:19245: g++ -v </dev/null >&5
Using built-in specs.
Target: i486-linux-gnu
Configured with: ../src/configure -v --with-pkgversion='Ubuntu 4.3.2-1ubuntu12' --with-bugurl=file:///usr/share/doc/gcc-4.3/README.Bugs --enable-languages=c,c++,fortran,objc,obj-c++ --prefix=/usr --enable-shared --with-system-zlib --libexecdir=/usr/lib --without-included-gettext --enable-threads=posix --enable-nls --with-gxx-include-dir=/usr/include/c++/4.3 --program-suffix=-4.3 --enable-clocale=gnu --enable-libstdcxx-debug --enable-objc-gc --enable-mpfr --enable-targets=all --enable-checking=release --build=i486-linux-gnu --host=i486-linux-gnu --target=i486-linux-gnu
Thread model: posix
gcc version 4.3.2 (Ubuntu 4.3.2-1ubuntu12) 
configure:19248: $? = 0
configure:19250: g++ -V </dev/null >&5
g++: '-V' option must have argument
configure:19253: $? = 1
configure:19256: checking whether we are using the GNU C++ compiler
configure:19311: result: yes
configure:19317: checking whether g++ accepts -g
configure:19367: result: yes
configure:19409: g++ -c -g -O2  conftest.cc >&5
configure:19415: $? = 0
configure:19418: test -z 			 || test ! -s conftest.err
configure:19421: $? = 0
configure:19424: test -s conftest.o
configure:19427: $? = 0
configure:19453: g++ -c -g -O2  conftest.cc >&5
configure:19459: $? = 0
configure:19462: test -z 			 || test ! -s conftest.err
configure:19465: $? = 0
configure:19468: test -s conftest.o
configure:19471: $? = 0
configure:19496: checking dependency style of g++
configure:19586: result: gcc3
configure:19616: checking for a BSD-compatible install
configure:19671: result: /usr/bin/install -c
configure:19684: checking whether byte ordering is bigendian
configure:19711: gcc -c -g -O2  conftest.c >&5
configure:19717: $? = 0
configure:19720: test -z 			 || test ! -s conftest.err
configure:19723: $? = 0
configure:19726: test -s conftest.o
configure:19729: $? = 0
configure:19753: gcc -c -g -O2  conftest.c >&5
conftest.c: In function 'main':
conftest.c:32: error: 'not' undeclared (first use in this function)
conftest.c:32: error: (Each undeclared identifier is reported only once
conftest.c:32: error: for each function it appears in.)
conftest.c:32: error: expected ';' before 'big'
configure:19759: $? = 1
configure: failed program was:
| /* confdefs.h.  */
| 
| #define PACKAGE_NAME ""
| #define PACKAGE_TARNAME ""
| #define PACKAGE_VERSION ""
| #define PACKAGE_STRING ""
| #define PACKAGE_BUGREPORT ""
| #define PACKAGE "libofa"
| #define VERSION "0.9.3"
| #define STDC_HEADERS 1
| #define HAVE_SYS_TYPES_H 1
| #define HAVE_SYS_STAT_H 1
| #define HAVE_STDLIB_H 1
| #define HAVE_STRING_H 1
| #define HAVE_MEMORY_H 1
| #define HAVE_STRINGS_H 1
| #define HAVE_INTTYPES_H 1
| #define HAVE_STDINT_H 1
| #define HAVE_UNISTD_H 1
| #define HAVE_DLFCN_H 1
| #ifdef __cplusplus
| extern "C" void exit (int) throw ();
| #endif
| /* end confdefs.h.  */
| #include <sys/types.h>
| #include <sys/param.h>
| 
| int
| main ()
| {
| #if BYTE_ORDER != BIG_ENDIAN
|  not big endian
| #endif
| 
|   ;
|   return 0;
| }
configure:19892: result: no
configure:19911: checking for long
configure:19935: gcc -c -g -O2  conftest.c >&5
configure:19941: $? = 0
configure:19944: test -z 			 || test ! -s conftest.err
configure:19947: $? = 0
configure:19950: test -s conftest.o
configure:19953: $? = 0
configure:19964: result: yes
configure:19967: checking size of long
configure:20279: gcc -o conftest -g -O2   conftest.c  >&5
configure:20282: $? = 0
configure:20284: ./conftest
configure:20287: $? = 0
configure:20310: result: 4
configure:20327: checking for XML_ExpatVersion in -lexpat
configure:20357: gcc -o conftest -g -O2 -Wall -g   conftest.c -lexpat -lexpat  >&5
configure:20363: $? = 0
configure:20366: test -z 			 || test ! -s conftest.err
configure:20369: $? = 0
configure:20372: test -s conftest
configure:20375: $? = 0
configure:20388: result: yes
configure:20406: checking for curl_global_init in -lcurl
configure:20436: gcc -o conftest -g -O2 -Wall -g   conftest.c -lcurl -lcurl  >&5
configure:20442: $? = 0
configure:20445: test -z 			 || test ! -s conftest.err
configure:20448: $? = 0
configure:20451: test -s conftest
configure:20454: $? = 0
configure:20467: result: yes
configure:20517: Using libfftw3
configure:20519: checking for fftw_malloc in -lfftw3
configure:20549: gcc -o conftest -g -O2 -Wall -g   conftest.c -lfftw3   >&5
configure:20555: $? = 0
configure:20558: test -z 			 || test ! -s conftest.err
configure:20561: $? = 0
configure:20564: test -s conftest
configure:20567: $? = 0
configure:20580: result: yes
configure:20802: creating ./config.status

## ---------------------- ##
## Running config.status. ##
## ---------------------- ##

This file was extended by config.status, which was
generated by GNU Autoconf 2.59.  Invocation command line was

  CONFIG_FILES    = 
  CONFIG_HEADERS  = 
  CONFIG_LINKS    = 
  CONFIG_COMMANDS = 
  $ ./config.status 

on lumiere

config.status:775: creating Makefile
config.status:775: creating include/Makefile
config.status:775: creating include/ofa1/Makefile
config.status:775: creating lib/Makefile
config.status:775: creating lib/JAMA/Makefile
config.status:775: creating lib/AFLIB/Makefile
config.status:775: creating examples/Makefile
config.status:775: creating libofa.pc
config.status:841: creating config.h
config.status:1133: executing depfiles commands
config.status:1133: executing default commands

## ---------------- ##
## Cache variables. ##
## ---------------- ##

ac_cv_build=i686-pc-linux-gnu
ac_cv_build_alias=i686-pc-linux-gnu
ac_cv_c_bigendian=no
ac_cv_c_compiler_gnu=yes
ac_cv_cxx_compiler_gnu=yes
ac_cv_env_CC_set=
ac_cv_env_CC_value=
ac_cv_env_CFLAGS_set=
ac_cv_env_CFLAGS_value=
ac_cv_env_CPPFLAGS_set=
ac_cv_env_CPPFLAGS_value=
ac_cv_env_CPP_set=
ac_cv_env_CPP_value=
ac_cv_env_CXXCPP_set=
ac_cv_env_CXXCPP_value=
ac_cv_env_CXXFLAGS_set=
ac_cv_env_CXXFLAGS_value=
ac_cv_env_CXX_set=
ac_cv_env_CXX_value=
ac_cv_env_F77_set=
ac_cv_env_F77_value=
ac_cv_env_FFLAGS_set=
ac_cv_env_FFLAGS_value=
ac_cv_env_LDFLAGS_set=
ac_cv_env_LDFLAGS_value=
ac_cv_env_build_alias_set=
ac_cv_env_build_alias_value=
ac_cv_env_host_alias_set=
ac_cv_env_host_alias_value=
ac_cv_env_target_alias_set=
ac_cv_env_target_alias_value=
ac_cv_exeext=
ac_cv_f77_compiler_gnu=no
ac_cv_header_dlfcn_h=yes
ac_cv_header_inttypes_h=yes
ac_cv_header_memory_h=yes
ac_cv_header_stdc=yes
ac_cv_header_stdint_h=yes
ac_cv_header_stdlib_h=yes
ac_cv_header_string_h=yes
ac_cv_header_strings_h=yes
ac_cv_header_sys_stat_h=yes
ac_cv_header_sys_types_h=yes
ac_cv_header_unistd_h=yes
ac_cv_host=i686-pc-linux-gnu
ac_cv_host_alias=i686-pc-linux-gnu
ac_cv_lib_curl_curl_global_init=yes
ac_cv_lib_expat_XML_ExpatVersion=yes
ac_cv_lib_fftw3_fftw_malloc=yes
ac_cv_objext=o
ac_cv_path_install='/usr/bin/install -c'
ac_cv_prog_AWK=gawk
ac_cv_prog_CPP='gcc -E'
ac_cv_prog_CXXCPP='g++ -E'
ac_cv_prog_ac_ct_AR=ar
ac_cv_prog_ac_ct_CC=gcc
ac_cv_prog_ac_ct_CXX=g++
ac_cv_prog_ac_ct_RANLIB=ranlib
ac_cv_prog_ac_ct_STRIP=strip
ac_cv_prog_cc_g=yes
ac_cv_prog_cc_stdc=
ac_cv_prog_cxx_g=yes
ac_cv_prog_egrep='grep -E'
ac_cv_prog_f77_g=no
ac_cv_prog_make_make_set=yes
ac_cv_sizeof_long=4
ac_cv_type_long=yes
am_cv_CC_dependencies_compiler_type=gcc3
am_cv_CXX_dependencies_compiler_type=gcc3
lt_cv_deplibs_check_method=pass_all
lt_cv_file_magic_cmd='$MAGIC_CMD'
lt_cv_file_magic_test_file=
lt_cv_ld_reload_flag=-r
lt_cv_objdir=.libs
lt_cv_path_LD=/usr/bin/ld
lt_cv_path_LDCXX=/usr/bin/ld
lt_cv_path_NM='/usr/bin/nm -B'
lt_cv_path_SED=/bin/sed
lt_cv_prog_compiler_c_o=yes
lt_cv_prog_compiler_c_o_CXX=yes
lt_cv_prog_compiler_rtti_exceptions=no
lt_cv_prog_gnu_ld=yes
lt_cv_prog_gnu_ldcxx=yes
lt_cv_sys_global_symbol_pipe='sed -n -e '\''s/^.*[ 	]\([ABCDGIRSTW][ABCDGIRSTW]*\)[ 	][ 	]*\(\)\([_A-Za-z][_A-Za-z0-9]*\)$/\1 \2\3 \3/p'\'''
lt_cv_sys_global_symbol_to_c_name_address='sed -n -e '\''s/^: \([^ ]*\) $/  {\"\1\", (lt_ptr) 0},/p'\'' -e '\''s/^[BCDEGRST] \([^ ]*\) \([^ ]*\)$/  {"\2", (lt_ptr) \&\2},/p'\'''
lt_cv_sys_global_symbol_to_cdecl='sed -n -e '\''s/^. .* \(.*\)$/extern int \1;/p'\'''
lt_cv_sys_max_cmd_len=32768
lt_lt_cv_prog_compiler_c_o='"yes"'
lt_lt_cv_prog_compiler_c_o_CXX='"yes"'
lt_lt_cv_sys_global_symbol_pipe='"sed -n -e '\''s/^.*[ 	]\\([ABCDGIRSTW][ABCDGIRSTW]*\\)[ 	][ 	]*\\(\\)\\([_A-Za-z][_A-Za-z0-9]*\\)\$/\\1 \\2\\3 \\3/p'\''"'
lt_lt_cv_sys_global_symbol_to_c_name_address='"sed -n -e '\''s/^: \\([^ ]*\\) \$/  {\\\"\\1\\\", (lt_ptr) 0},/p'\'' -e '\''s/^[BCDEGRST] \\([^ ]*\\) \\([^ ]*\\)\$/  {\"\\2\", (lt_ptr) \\&\\2},/p'\''"'
lt_lt_cv_sys_global_symbol_to_cdecl='"sed -n -e '\''s/^. .* \\(.*\\)\$/extern int \\1;/p'\''"'

## ----------------- ##
## Output variables. ##
## ----------------- ##

ACLOCAL='${SHELL} /home/inanimate/Media/Text/Code/HandleIt/libofa-0.9.3/missing --run aclocal-1.8'
AMDEPBACKSLASH='\'
AMDEP_FALSE='#'
AMDEP_TRUE=''
AMTAR='${SHELL} /home/inanimate/Media/Text/Code/HandleIt/libofa-0.9.3/missing --run tar'
AR='ar'
AUTOCONF='${SHELL} /home/inanimate/Media/Text/Code/HandleIt/libofa-0.9.3/missing --run autoconf'
AUTOHEADER='${SHELL} /home/inanimate/Media/Text/Code/HandleIt/libofa-0.9.3/missing --run autoheader'
AUTOMAKE='${SHELL} /home/inanimate/Media/Text/Code/HandleIt/libofa-0.9.3/missing --run automake-1.8'
AWK='gawk'
CC='gcc'
CCDEPMODE='depmode=gcc3'
CFLAGS='-g -O2 -Wall -g'
CPP='gcc -E'
CPPFLAGS=''
CURL_LIBS='-lcurl'
CXX='g++'
CXXCPP='g++ -E'
CXXDEPMODE='depmode=gcc3'
CXXFLAGS='-g -O2 -Wall -g'
CYGPATH_W='echo'
DARWIN_FALSE=''
DARWIN_TRUE='#'
DEFS='-DHAVE_CONFIG_H'
DEPDIR='.deps'
ECHO='echo'
ECHO_C=''
ECHO_N='-n'
ECHO_T=''
EGREP='grep -E'
EXEEXT=''
EXPAT_LIBS='-lexpat'
F77=''
FFLAGS=''
FFTW3_FALSE='#'
FFTW3_TRUE=''
FFT_WRAPPER='fftlibw3_op.cpp'
FREEBSD_FALSE=''
FREEBSD_TRUE='#'
INSTALL_DATA='${INSTALL} -m 644'
INSTALL_PROGRAM='${INSTALL}'
INSTALL_SCRIPT='${INSTALL}'
INSTALL_STRIP_PROGRAM='${SHELL} $(install_sh) -c -s'
LDFLAGS=''
LIBOBJS=''
LIBS=' -lfftw3'
LIBTOOL='$(SHELL) $(top_builddir)/libtool'
LIBTOOL_DEPS='./ltmain.sh'
LN_S='ln -s'
LTLIBOBJS=''
MAINT='#'
MAINTAINER_MODE_FALSE=''
MAINTAINER_MODE_TRUE='#'
MAKEINFO='${SHELL} /home/inanimate/Media/Text/Code/HandleIt/libofa-0.9.3/missing --run makeinfo'
OBJEXT='o'
PACKAGE='libofa'
PACKAGE_BUGREPORT=''
PACKAGE_NAME=''
PACKAGE_STRING=''
PACKAGE_TARNAME=''
PACKAGE_VERSION=''
PATH_SEPARATOR=':'
PREFIX='NONE'
RANLIB='ranlib'
SET_MAKE=''
SHELL='/bin/bash'
STRIP='strip'
VDSP_FALSE=''
VDSP_TRUE='#'
VERSION='0.9.3'
ac_ct_AR='ar'
ac_ct_CC='gcc'
ac_ct_CXX='g++'
ac_ct_F77=''
ac_ct_RANLIB='ranlib'
ac_ct_STRIP='strip'
am__fastdepCC_FALSE='#'
am__fastdepCC_TRUE=''
am__fastdepCXX_FALSE='#'
am__fastdepCXX_TRUE=''
am__include='include'
am__leading_dot='.'
am__quote=''
bindir='${exec_prefix}/bin'
build='i686-pc-linux-gnu'
build_alias=''
build_cpu='i686'
build_os='linux-gnu'
build_vendor='pc'
datadir='${prefix}/share'
exec_prefix='${prefix}'
host='i686-pc-linux-gnu'
host_alias=''
host_cpu='i686'
host_os='linux-gnu'
host_vendor='pc'
includedir='${prefix}/include'
infodir='${prefix}/info'
install_sh='/home/inanimate/Media/Text/Code/HandleIt/libofa-0.9.3/install-sh'
libdir='${exec_prefix}/lib'
libexecdir='${exec_prefix}/libexec'
localstatedir='${prefix}/var'
mandir='${prefix}/man'
mkdir_p='mkdir -p -- .'
oldincludedir='/usr/include'
prefix='/usr/local'
program_transform_name='s,x,x,'
sbindir='${exec_prefix}/sbin'
sharedstatedir='${prefix}/com'
sysconfdir='${prefix}/etc'
target_alias=''

## ----------- ##
## confdefs.h. ##
## ----------- ##

#define FFTW3 1
#define HAVE_DLFCN_H 1
#define HAVE_INTTYPES_H 1
#define HAVE_MEMORY_H 1
#define HAVE_STDINT_H 1
#define HAVE_STDLIB_H 1
#define HAVE_STRINGS_H 1
#define HAVE_STRING_H 1
#define HAVE_SYS_STAT_H 1
#define HAVE_SYS_TYPES_H 1
#define HAVE_UNISTD_H 1
#define PACKAGE "libofa"
#define PACKAGE_BUGREPORT ""
#define PACKAGE_NAME ""
#define PACKAGE_STRING ""
#define PACKAGE_TARNAME ""
#define PACKAGE_VERSION ""
#define SIZEOF_LONG 4
#define STDC_HEADERS 1
#define VERSION "0.9.3"
#endif
#ifdef __cplusplus
extern "C" void exit (int) throw ();

configure: exit 0

## ---------------------- ##
## Running config.status. ##
## ---------------------- ##

This file was extended by config.status, which was
generated by GNU Autoconf 2.59.  Invocation command line was

  CONFIG_FILES    = 
  CONFIG_HEADERS  = 
  CONFIG_LINKS    = 
  CONFIG_COMMANDS = 
  $ ./config.status examples/Makefile depfiles

on lumiere

config.status:775: creating examples/Makefile
config.status:1133: executing depfiles commands
